<?xml version="1.0" encoding="UTF-8"?>
<!-- Generated by org.testng.reporters.JUnitXMLReporter -->
<testsuite ignored="0" hostname="Anastasiyas-MacBook-Pro.local" failures="0" tests="9" name="Command line test" time="175.895" errors="0" timestamp="2023-05-29T12:56:56 CDT">
  <testcase classname="scripts.SwagLabsLoginFormTest" name="validateLoginFormCard" time="0.535"/>
  <testcase classname="scripts.SwagLabsLoginFormTest" name="validateLoginWithValidCredentials" time="33.852"/>
  <testcase classname="scripts.SwagLabsLoginFormTest" name="validateLoginWithValidCredentials" time="33.902"/>
  <testcase classname="scripts.SwagLabsLoginFormTest" name="validateLoginWithValidCredentials" time="40.133"/>
  <testcase classname="scripts.SwagLabsLoginFormTest" name="validateLoginFormCard" time="3.321"/>
  <testcase classname="scripts.SwagLabsLoginFormTest" name="validateLoginFormCard" time="1.358"/>
  <testcase classname="scripts.SwagLabsLoginFormTest" name="validateLoginFormCard" time="1.877"/>
  <testcase classname="scripts.SwagLabsLoginFormTest" name="validateLoginFormCard" time="1.968"/>
  <testcase classname="scripts.SwagLabsLoginFormTest" name="validateLoginFormCard" time="1.849"/>
</testsuite> <!-- Command line test -->
