<?xml version="1.0" encoding="UTF-8"?>
<!-- Generated by org.testng.reporters.JUnitXMLReporter -->
<testsuite ignored="0" hostname="Anastasiyas-MBP.local.tld" failures="0" tests="9" name="All Functionalities" time="86.009" errors="0" timestamp="2023-05-30T10:01:32 CDT">
  <testcase classname="scripts.SwagLabsLoginFormTest" name="validateLoginFormCard" time="0.55"/>
  <testcase classname="scripts.SwagLabsLoginFormTest" name="validateLoginWithValidCredentials" time="4.286"/>
  <testcase classname="scripts.SwagLabsLoginFormTest" name="validateLoginWithValidCredentials" time="3.953"/>
  <testcase classname="scripts.SwagLabsLoginFormTest" name="validateLoginWithValidCredentials" time="10.472"/>
  <testcase classname="scripts.SwagLabsLoginFormTest" name="validateLoginFormCard" time="3.544"/>
  <testcase classname="scripts.SwagLabsLoginFormTest" name="validateLoginFormCard" time="1.355"/>
  <testcase classname="scripts.SwagLabsLoginFormTest" name="validateLoginFormCard" time="1.844"/>
  <testcase classname="scripts.SwagLabsLoginFormTest" name="validateLoginFormCard" time="1.845"/>
  <testcase classname="scripts.SwagLabsLoginFormTest" name="validateLoginFormCard" time="1.898"/>
</testsuite> <!-- All Functionalities -->
