<?xml version="1.0" encoding="UTF-8"?>
<!-- Generated by org.testng.reporters.JUnitXMLReporter -->
<testsuite ignored="0" hostname="Anastasiyas-MBP.local.tld" failures="0" tests="9" name="All Functionalities" time="95.79" errors="0" timestamp="2023-05-30T09:34:18 CDT">
  <testcase classname="scripts.SwagLabsLoginFormTest" name="validateLoginFormCard" time="0.686"/>
  <testcase classname="scripts.SwagLabsLoginFormTest" name="validateLoginWithValidCredentials" time="5.003"/>
  <testcase classname="scripts.SwagLabsLoginFormTest" name="validateLoginWithValidCredentials" time="4.737"/>
  <testcase classname="scripts.SwagLabsLoginFormTest" name="validateLoginWithValidCredentials" time="11.392"/>
  <testcase classname="scripts.SwagLabsLoginFormTest" name="validateLoginFormCard" time="3.883"/>
  <testcase classname="scripts.SwagLabsLoginFormTest" name="validateLoginFormCard" time="1.506"/>
  <testcase classname="scripts.SwagLabsLoginFormTest" name="validateLoginFormCard" time="2.199"/>
  <testcase classname="scripts.SwagLabsLoginFormTest" name="validateLoginFormCard" time="2.156"/>
  <testcase classname="scripts.SwagLabsLoginFormTest" name="validateLoginFormCard" time="2.212"/>
</testsuite> <!-- All Functionalities -->
