<?xml version="1.0" encoding="UTF-8" ?>
<testsuite tests="9" failures="0" name="TestSuite" time="118.8" errors="0" skipped="0">
  <properties>
[...]
</properties>
  <testcase classname="scripts.SwagLabsLoginFormTest" name="validateLoginFormCard" time="0.537"/>
  <testcase classname="scripts.SwagLabsLoginFormTest" name="validateLoginWithValidCredentials" time="33.854"/>
  <testcase classname="scripts.SwagLabsLoginFormTest" name="validateLoginWithValidCredentials" time="33.903"/>
  <testcase classname="scripts.SwagLabsLoginFormTest" name="validateLoginWithValidCredentials" time="40.133"/>
  <testcase classname="scripts.SwagLabsLoginFormTest" name="validateLoginFormCard" time="3.321"/>
  <testcase classname="scripts.SwagLabsLoginFormTest" name="validateLoginFormCard" time="1.357"/>
  <testcase classname="scripts.SwagLabsLoginFormTest" name="validateLoginFormCard" time="1.877"/>
  <testcase classname="scripts.SwagLabsLoginFormTest" name="validateLoginFormCard" time="1.969"/>
  <testcase classname="scripts.SwagLabsLoginFormTest" name="validateLoginFormCard" time="1.849"/>
</testsuite>