<?xml version="1.0" encoding="UTF-8"?>
<testng-results ignored="0" total="9" passed="9" failed="0" skipped="0">
  <reporter-output>
  </reporter-output>
  <suite started-at="2023-05-30T09:32:42 CDT" name="Smoke" finished-at="2023-05-30T09:34:18 CDT" duration-ms="95790">
    <groups>
    </groups>
    <test started-at="2023-05-30T09:32:42 CDT" name="All Functionalities" finished-at="2023-05-30T09:34:18 CDT" duration-ms="95790">
      <class name="scripts.SwagLabsLoginFormTest">
        <test-method is-config="true" signature="setUp()[pri:0, instance:scripts.SwagLabsLoginFormTest@59662a0b]" started-at="2023-05-30T09:32:42 CDT" name="setUp" finished-at="2023-05-30T09:32:52 CDT" duration-ms="10185" status="PASS">
          <reporter-output>
          </reporter-output>
        </test-method> <!-- setUp -->
        <test-method is-config="true" signature="setPage()[pri:0, instance:scripts.SwagLabsLoginFormTest@59662a0b]" started-at="2023-05-30T09:32:52 CDT" name="setPage" finished-at="2023-05-30T09:32:52 CDT" duration-ms="11" status="PASS">
          <reporter-output>
          </reporter-output>
        </test-method> <!-- setPage -->
        <test-method signature="validateLoginFormCard()[pri:1, instance:scripts.SwagLabsLoginFormTest@59662a0b]" started-at="2023-05-30T09:32:52 CDT" name="validateLoginFormCard" description="Validate Swag Labs Login Form card" finished-at="2023-05-30T09:32:53 CDT" duration-ms="686" status="PASS">
          <reporter-output>
          </reporter-output>
        </test-method> <!-- validateLoginFormCard -->
        <test-method is-config="true" signature="teardown()[pri:0, instance:scripts.SwagLabsLoginFormTest@59662a0b]" started-at="2023-05-30T09:32:53 CDT" name="teardown" finished-at="2023-05-30T09:32:53 CDT" duration-ms="93" status="PASS">
          <reporter-output>
          </reporter-output>
        </test-method> <!-- teardown -->
        <test-method is-config="true" signature="setUp()[pri:0, instance:scripts.SwagLabsLoginFormTest@59662a0b]" started-at="2023-05-30T09:32:53 CDT" name="setUp" finished-at="2023-05-30T09:32:59 CDT" duration-ms="6300" status="PASS">
          <reporter-output>
          </reporter-output>
        </test-method> <!-- setUp -->
        <test-method is-config="true" signature="setPage()[pri:0, instance:scripts.SwagLabsLoginFormTest@59662a0b]" started-at="2023-05-30T09:32:59 CDT" name="setPage" finished-at="2023-05-30T09:32:59 CDT" duration-ms="1" status="PASS">
          <reporter-output>
          </reporter-output>
        </test-method> <!-- setPage -->
        <test-method signature="validateLoginWithValidCredentials(java.lang.String, java.lang.String)[pri:2, instance:scripts.SwagLabsLoginFormTest@59662a0b]" started-at="2023-05-30T09:32:59 CDT" name="validateLoginWithValidCredentials" description="Validate Swag Labs Login Form card with valid credentials" data-provider="validCredentials" finished-at="2023-05-30T09:33:04 CDT" duration-ms="5003" status="PASS">
          <params>
            <param index="0">
              <value>
                <![CDATA[standard_user]]>
              </value>
            </param>
            <param index="1">
              <value>
                <![CDATA[secret_sauce]]>
              </value>
            </param>
          </params>
          <reporter-output>
          </reporter-output>
        </test-method> <!-- validateLoginWithValidCredentials -->
        <test-method is-config="true" signature="teardown()[pri:0, instance:scripts.SwagLabsLoginFormTest@59662a0b]" started-at="2023-05-30T09:33:04 CDT" name="teardown" finished-at="2023-05-30T09:33:04 CDT" duration-ms="97" status="PASS">
          <reporter-output>
          </reporter-output>
        </test-method> <!-- teardown -->
        <test-method is-config="true" signature="setUp()[pri:0, instance:scripts.SwagLabsLoginFormTest@59662a0b]" started-at="2023-05-30T09:33:04 CDT" name="setUp" finished-at="2023-05-30T09:33:11 CDT" duration-ms="6316" status="PASS">
          <reporter-output>
          </reporter-output>
        </test-method> <!-- setUp -->
        <test-method is-config="true" signature="setPage()[pri:0, instance:scripts.SwagLabsLoginFormTest@59662a0b]" started-at="2023-05-30T09:33:11 CDT" name="setPage" finished-at="2023-05-30T09:33:11 CDT" duration-ms="0" status="PASS">
          <reporter-output>
          </reporter-output>
        </test-method> <!-- setPage -->
        <test-method signature="validateLoginWithValidCredentials(java.lang.String, java.lang.String)[pri:2, instance:scripts.SwagLabsLoginFormTest@59662a0b]" started-at="2023-05-30T09:33:11 CDT" name="validateLoginWithValidCredentials" description="Validate Swag Labs Login Form card with valid credentials" data-provider="validCredentials" finished-at="2023-05-30T09:33:15 CDT" duration-ms="4737" status="PASS">
          <params>
            <param index="0">
              <value>
                <![CDATA[problem_user]]>
              </value>
            </param>
            <param index="1">
              <value>
                <![CDATA[secret_sauce]]>
              </value>
            </param>
          </params>
          <reporter-output>
          </reporter-output>
        </test-method> <!-- validateLoginWithValidCredentials -->
        <test-method is-config="true" signature="teardown()[pri:0, instance:scripts.SwagLabsLoginFormTest@59662a0b]" started-at="2023-05-30T09:33:15 CDT" name="teardown" finished-at="2023-05-30T09:33:15 CDT" duration-ms="90" status="PASS">
          <reporter-output>
          </reporter-output>
        </test-method> <!-- teardown -->
        <test-method is-config="true" signature="setUp()[pri:0, instance:scripts.SwagLabsLoginFormTest@59662a0b]" started-at="2023-05-30T09:33:15 CDT" name="setUp" finished-at="2023-05-30T09:33:22 CDT" duration-ms="6333" status="PASS">
          <reporter-output>
          </reporter-output>
        </test-method> <!-- setUp -->
        <test-method is-config="true" signature="setPage()[pri:0, instance:scripts.SwagLabsLoginFormTest@59662a0b]" started-at="2023-05-30T09:33:22 CDT" name="setPage" finished-at="2023-05-30T09:33:22 CDT" duration-ms="1" status="PASS">
          <reporter-output>
          </reporter-output>
        </test-method> <!-- setPage -->
        <test-method signature="validateLoginWithValidCredentials(java.lang.String, java.lang.String)[pri:2, instance:scripts.SwagLabsLoginFormTest@59662a0b]" started-at="2023-05-30T09:33:22 CDT" name="validateLoginWithValidCredentials" description="Validate Swag Labs Login Form card with valid credentials" data-provider="validCredentials" finished-at="2023-05-30T09:33:33 CDT" duration-ms="11392" status="PASS">
          <params>
            <param index="0">
              <value>
                <![CDATA[performance_glitch_user]]>
              </value>
            </param>
            <param index="1">
              <value>
                <![CDATA[secret_sauce]]>
              </value>
            </param>
          </params>
          <reporter-output>
          </reporter-output>
        </test-method> <!-- validateLoginWithValidCredentials -->
        <test-method is-config="true" signature="teardown()[pri:0, instance:scripts.SwagLabsLoginFormTest@59662a0b]" started-at="2023-05-30T09:33:33 CDT" name="teardown" finished-at="2023-05-30T09:33:33 CDT" duration-ms="95" status="PASS">
          <reporter-output>
          </reporter-output>
        </test-method> <!-- teardown -->
        <test-method is-config="true" signature="setUp()[pri:0, instance:scripts.SwagLabsLoginFormTest@59662a0b]" started-at="2023-05-30T09:33:33 CDT" name="setUp" finished-at="2023-05-30T09:33:39 CDT" duration-ms="6227" status="PASS">
          <reporter-output>
          </reporter-output>
        </test-method> <!-- setUp -->
        <test-method is-config="true" signature="setPage()[pri:0, instance:scripts.SwagLabsLoginFormTest@59662a0b]" started-at="2023-05-30T09:33:39 CDT" name="setPage" finished-at="2023-05-30T09:33:39 CDT" duration-ms="1" status="PASS">
          <reporter-output>
          </reporter-output>
        </test-method> <!-- setPage -->
        <test-method signature="validateLoginFormCard(java.lang.String, java.lang.String, java.lang.String)[pri:3, instance:scripts.SwagLabsLoginFormTest@59662a0b]" started-at="2023-05-30T09:33:39 CDT" name="validateLoginFormCard" description="Validate Swag Labs Login Form card with invalid credentials" data-provider="invalidCredentials" finished-at="2023-05-30T09:33:43 CDT" duration-ms="3883" status="PASS">
          <params>
            <param index="0">
              <value>
                <![CDATA[locked_out_user]]>
              </value>
            </param>
            <param index="1">
              <value>
                <![CDATA[secret_sauce]]>
              </value>
            </param>
            <param index="2">
              <value>
                <![CDATA[Epic sadface: Sorry, this user has been locked out.]]>
              </value>
            </param>
          </params>
          <reporter-output>
          </reporter-output>
        </test-method> <!-- validateLoginFormCard -->
        <test-method is-config="true" signature="teardown()[pri:0, instance:scripts.SwagLabsLoginFormTest@59662a0b]" started-at="2023-05-30T09:33:43 CDT" name="teardown" finished-at="2023-05-30T09:33:43 CDT" duration-ms="92" status="PASS">
          <reporter-output>
          </reporter-output>
        </test-method> <!-- teardown -->
        <test-method is-config="true" signature="setUp()[pri:0, instance:scripts.SwagLabsLoginFormTest@59662a0b]" started-at="2023-05-30T09:33:43 CDT" name="setUp" finished-at="2023-05-30T09:33:50 CDT" duration-ms="6603" status="PASS">
          <reporter-output>
          </reporter-output>
        </test-method> <!-- setUp -->
        <test-method is-config="true" signature="setPage()[pri:0, instance:scripts.SwagLabsLoginFormTest@59662a0b]" started-at="2023-05-30T09:33:50 CDT" name="setPage" finished-at="2023-05-30T09:33:50 CDT" duration-ms="1" status="PASS">
          <reporter-output>
          </reporter-output>
        </test-method> <!-- setPage -->
        <test-method signature="validateLoginFormCard(java.lang.String, java.lang.String, java.lang.String)[pri:3, instance:scripts.SwagLabsLoginFormTest@59662a0b]" started-at="2023-05-30T09:33:50 CDT" name="validateLoginFormCard" description="Validate Swag Labs Login Form card with invalid credentials" data-provider="invalidCredentials" finished-at="2023-05-30T09:33:52 CDT" duration-ms="1506" status="PASS">
          <params>
            <param index="0">
              <value>
                <![CDATA[]]>
              </value>
            </param>
            <param index="1">
              <value>
                <![CDATA[]]>
              </value>
            </param>
            <param index="2">
              <value>
                <![CDATA[Epic sadface: Username is required]]>
              </value>
            </param>
          </params>
          <reporter-output>
          </reporter-output>
        </test-method> <!-- validateLoginFormCard -->
        <test-method is-config="true" signature="teardown()[pri:0, instance:scripts.SwagLabsLoginFormTest@59662a0b]" started-at="2023-05-30T09:33:52 CDT" name="teardown" finished-at="2023-05-30T09:33:52 CDT" duration-ms="91" status="PASS">
          <reporter-output>
          </reporter-output>
        </test-method> <!-- teardown -->
        <test-method is-config="true" signature="setUp()[pri:0, instance:scripts.SwagLabsLoginFormTest@59662a0b]" started-at="2023-05-30T09:33:52 CDT" name="setUp" finished-at="2023-05-30T09:33:58 CDT" duration-ms="6739" status="PASS">
          <reporter-output>
          </reporter-output>
        </test-method> <!-- setUp -->
        <test-method is-config="true" signature="setPage()[pri:0, instance:scripts.SwagLabsLoginFormTest@59662a0b]" started-at="2023-05-30T09:33:58 CDT" name="setPage" finished-at="2023-05-30T09:33:58 CDT" duration-ms="1" status="PASS">
          <reporter-output>
          </reporter-output>
        </test-method> <!-- setPage -->
        <test-method signature="validateLoginFormCard(java.lang.String, java.lang.String, java.lang.String)[pri:3, instance:scripts.SwagLabsLoginFormTest@59662a0b]" started-at="2023-05-30T09:33:58 CDT" name="validateLoginFormCard" description="Validate Swag Labs Login Form card with invalid credentials" data-provider="invalidCredentials" finished-at="2023-05-30T09:34:01 CDT" duration-ms="2199" status="PASS">
          <params>
            <param index="0">
              <value>
                <![CDATA[standard_user]]>
              </value>
            </param>
            <param index="1">
              <value>
                <![CDATA[ ]]>
              </value>
            </param>
            <param index="2">
              <value>
                <![CDATA[Epic sadface: Username and password do not match any user in this service]]>
              </value>
            </param>
          </params>
          <reporter-output>
          </reporter-output>
        </test-method> <!-- validateLoginFormCard -->
        <test-method is-config="true" signature="teardown()[pri:0, instance:scripts.SwagLabsLoginFormTest@59662a0b]" started-at="2023-05-30T09:34:01 CDT" name="teardown" finished-at="2023-05-30T09:34:01 CDT" duration-ms="89" status="PASS">
          <reporter-output>
          </reporter-output>
        </test-method> <!-- teardown -->
        <test-method is-config="true" signature="setUp()[pri:0, instance:scripts.SwagLabsLoginFormTest@59662a0b]" started-at="2023-05-30T09:34:01 CDT" name="setUp" finished-at="2023-05-30T09:34:07 CDT" duration-ms="6256" status="PASS">
          <reporter-output>
          </reporter-output>
        </test-method> <!-- setUp -->
        <test-method signature="validateLoginFormCard(java.lang.String, java.lang.String, java.lang.String)[pri:3, instance:scripts.SwagLabsLoginFormTest@59662a0b]" started-at="2023-05-30T09:34:07 CDT" name="validateLoginFormCard" description="Validate Swag Labs Login Form card with invalid credentials" data-provider="invalidCredentials" finished-at="2023-05-30T09:34:09 CDT" duration-ms="2156" status="PASS">
          <params>
            <param index="0">
              <value>
                <![CDATA[ ]]>
              </value>
            </param>
            <param index="1">
              <value>
                <![CDATA[secret_sauce]]>
              </value>
            </param>
            <param index="2">
              <value>
                <![CDATA[Epic sadface: Username and password do not match any user in this service]]>
              </value>
            </param>
          </params>
          <reporter-output>
          </reporter-output>
        </test-method> <!-- validateLoginFormCard -->
        <test-method is-config="true" signature="setPage()[pri:0, instance:scripts.SwagLabsLoginFormTest@59662a0b]" started-at="2023-05-30T09:34:07 CDT" name="setPage" finished-at="2023-05-30T09:34:07 CDT" duration-ms="0" status="PASS">
          <reporter-output>
          </reporter-output>
        </test-method> <!-- setPage -->
        <test-method is-config="true" signature="teardown()[pri:0, instance:scripts.SwagLabsLoginFormTest@59662a0b]" started-at="2023-05-30T09:34:09 CDT" name="teardown" finished-at="2023-05-30T09:34:09 CDT" duration-ms="94" status="PASS">
          <reporter-output>
          </reporter-output>
        </test-method> <!-- teardown -->
        <test-method is-config="true" signature="setUp()[pri:0, instance:scripts.SwagLabsLoginFormTest@59662a0b]" started-at="2023-05-30T09:34:09 CDT" name="setUp" finished-at="2023-05-30T09:34:15 CDT" duration-ms="6189" status="PASS">
          <reporter-output>
          </reporter-output>
        </test-method> <!-- setUp -->
        <test-method is-config="true" signature="setPage()[pri:0, instance:scripts.SwagLabsLoginFormTest@59662a0b]" started-at="2023-05-30T09:34:15 CDT" name="setPage" finished-at="2023-05-30T09:34:15 CDT" duration-ms="1" status="PASS">
          <reporter-output>
          </reporter-output>
        </test-method> <!-- setPage -->
        <test-method signature="validateLoginFormCard(java.lang.String, java.lang.String, java.lang.String)[pri:3, instance:scripts.SwagLabsLoginFormTest@59662a0b]" started-at="2023-05-30T09:34:15 CDT" name="validateLoginFormCard" description="Validate Swag Labs Login Form card with invalid credentials" data-provider="invalidCredentials" finished-at="2023-05-30T09:34:18 CDT" duration-ms="2212" status="PASS">
          <params>
            <param index="0">
              <value>
                <![CDATA[1234abc]]>
              </value>
            </param>
            <param index="1">
              <value>
                <![CDATA[helloWorld]]>
              </value>
            </param>
            <param index="2">
              <value>
                <![CDATA[Epic sadface: Username and password do not match any user in this service]]>
              </value>
            </param>
          </params>
          <reporter-output>
          </reporter-output>
        </test-method> <!-- validateLoginFormCard -->
        <test-method is-config="true" signature="teardown()[pri:0, instance:scripts.SwagLabsLoginFormTest@59662a0b]" started-at="2023-05-30T09:34:18 CDT" name="teardown" finished-at="2023-05-30T09:34:18 CDT" duration-ms="87" status="PASS">
          <reporter-output>
          </reporter-output>
        </test-method> <!-- teardown -->
      </class> <!-- scripts.SwagLabsLoginFormTest -->
    </test> <!-- All Functionalities -->
  </suite> <!-- Smoke -->
</testng-results>
