<?xml version="1.0" encoding="UTF-8"?>
<testng-results ignored="0" total="9" passed="9" failed="0" skipped="0">
  <reporter-output>
  </reporter-output>
  <suite started-at="2023-05-30T10:00:06 CDT" name="Smoke" finished-at="2023-05-30T10:01:32 CDT" duration-ms="86009">
    <groups>
    </groups>
    <test started-at="2023-05-30T10:00:06 CDT" name="All Functionalities" finished-at="2023-05-30T10:01:32 CDT" duration-ms="86009">
      <class name="scripts.SwagLabsLoginFormTest">
        <test-method is-config="true" signature="setUp()[pri:0, instance:scripts.SwagLabsLoginFormTest@59662a0b]" started-at="2023-05-30T10:00:06 CDT" name="setUp" finished-at="2023-05-30T10:00:14 CDT" duration-ms="7829" status="PASS">
          <reporter-output>
          </reporter-output>
        </test-method> <!-- setUp -->
        <test-method is-config="true" signature="setPage()[pri:0, instance:scripts.SwagLabsLoginFormTest@59662a0b]" started-at="2023-05-30T10:00:14 CDT" name="setPage" finished-at="2023-05-30T10:00:14 CDT" duration-ms="1" status="PASS">
          <reporter-output>
          </reporter-output>
        </test-method> <!-- setPage -->
        <test-method signature="validateLoginFormCard()[pri:1, instance:scripts.SwagLabsLoginFormTest@59662a0b]" started-at="2023-05-30T10:00:14 CDT" name="validateLoginFormCard" description="Validate Swag Labs Login Form card" finished-at="2023-05-30T10:00:14 CDT" duration-ms="550" status="PASS">
          <reporter-output>
          </reporter-output>
        </test-method> <!-- validateLoginFormCard -->
        <test-method is-config="true" signature="teardown()[pri:0, instance:scripts.SwagLabsLoginFormTest@59662a0b]" started-at="2023-05-30T10:00:14 CDT" name="teardown" finished-at="2023-05-30T10:00:14 CDT" duration-ms="88" status="PASS">
          <reporter-output>
          </reporter-output>
        </test-method> <!-- teardown -->
        <test-method is-config="true" signature="setUp()[pri:0, instance:scripts.SwagLabsLoginFormTest@59662a0b]" started-at="2023-05-30T10:00:14 CDT" name="setUp" finished-at="2023-05-30T10:00:20 CDT" duration-ms="5864" status="PASS">
          <reporter-output>
          </reporter-output>
        </test-method> <!-- setUp -->
        <test-method is-config="true" signature="setPage()[pri:0, instance:scripts.SwagLabsLoginFormTest@59662a0b]" started-at="2023-05-30T10:00:20 CDT" name="setPage" finished-at="2023-05-30T10:00:20 CDT" duration-ms="0" status="PASS">
          <reporter-output>
          </reporter-output>
        </test-method> <!-- setPage -->
        <test-method signature="validateLoginWithValidCredentials(java.lang.String, java.lang.String)[pri:2, instance:scripts.SwagLabsLoginFormTest@59662a0b]" started-at="2023-05-30T10:00:20 CDT" name="validateLoginWithValidCredentials" description="Validate Swag Labs Login Form card with valid credentials" data-provider="validCredentials" finished-at="2023-05-30T10:00:24 CDT" duration-ms="4286" status="PASS">
          <params>
            <param index="0">
              <value>
                <![CDATA[standard_user]]>
              </value>
            </param>
            <param index="1">
              <value>
                <![CDATA[secret_sauce]]>
              </value>
            </param>
          </params>
          <reporter-output>
          </reporter-output>
        </test-method> <!-- validateLoginWithValidCredentials -->
        <test-method is-config="true" signature="teardown()[pri:0, instance:scripts.SwagLabsLoginFormTest@59662a0b]" started-at="2023-05-30T10:00:24 CDT" name="teardown" finished-at="2023-05-30T10:00:24 CDT" duration-ms="93" status="PASS">
          <reporter-output>
          </reporter-output>
        </test-method> <!-- teardown -->
        <test-method is-config="true" signature="setUp()[pri:0, instance:scripts.SwagLabsLoginFormTest@59662a0b]" started-at="2023-05-30T10:00:24 CDT" name="setUp" finished-at="2023-05-30T10:00:30 CDT" duration-ms="5868" status="PASS">
          <reporter-output>
          </reporter-output>
        </test-method> <!-- setUp -->
        <test-method signature="validateLoginWithValidCredentials(java.lang.String, java.lang.String)[pri:2, instance:scripts.SwagLabsLoginFormTest@59662a0b]" started-at="2023-05-30T10:00:30 CDT" name="validateLoginWithValidCredentials" description="Validate Swag Labs Login Form card with valid credentials" data-provider="validCredentials" finished-at="2023-05-30T10:00:34 CDT" duration-ms="3953" status="PASS">
          <params>
            <param index="0">
              <value>
                <![CDATA[problem_user]]>
              </value>
            </param>
            <param index="1">
              <value>
                <![CDATA[secret_sauce]]>
              </value>
            </param>
          </params>
          <reporter-output>
          </reporter-output>
        </test-method> <!-- validateLoginWithValidCredentials -->
        <test-method is-config="true" signature="setPage()[pri:0, instance:scripts.SwagLabsLoginFormTest@59662a0b]" started-at="2023-05-30T10:00:30 CDT" name="setPage" finished-at="2023-05-30T10:00:30 CDT" duration-ms="0" status="PASS">
          <reporter-output>
          </reporter-output>
        </test-method> <!-- setPage -->
        <test-method is-config="true" signature="teardown()[pri:0, instance:scripts.SwagLabsLoginFormTest@59662a0b]" started-at="2023-05-30T10:00:34 CDT" name="teardown" finished-at="2023-05-30T10:00:34 CDT" duration-ms="91" status="PASS">
          <reporter-output>
          </reporter-output>
        </test-method> <!-- teardown -->
        <test-method is-config="true" signature="setUp()[pri:0, instance:scripts.SwagLabsLoginFormTest@59662a0b]" started-at="2023-05-30T10:00:34 CDT" name="setUp" finished-at="2023-05-30T10:00:40 CDT" duration-ms="5844" status="PASS">
          <reporter-output>
          </reporter-output>
        </test-method> <!-- setUp -->
        <test-method is-config="true" signature="setPage()[pri:0, instance:scripts.SwagLabsLoginFormTest@59662a0b]" started-at="2023-05-30T10:00:40 CDT" name="setPage" finished-at="2023-05-30T10:00:40 CDT" duration-ms="0" status="PASS">
          <reporter-output>
          </reporter-output>
        </test-method> <!-- setPage -->
        <test-method signature="validateLoginWithValidCredentials(java.lang.String, java.lang.String)[pri:2, instance:scripts.SwagLabsLoginFormTest@59662a0b]" started-at="2023-05-30T10:00:40 CDT" name="validateLoginWithValidCredentials" description="Validate Swag Labs Login Form card with valid credentials" data-provider="validCredentials" finished-at="2023-05-30T10:00:51 CDT" duration-ms="10472" status="PASS">
          <params>
            <param index="0">
              <value>
                <![CDATA[performance_glitch_user]]>
              </value>
            </param>
            <param index="1">
              <value>
                <![CDATA[secret_sauce]]>
              </value>
            </param>
          </params>
          <reporter-output>
          </reporter-output>
        </test-method> <!-- validateLoginWithValidCredentials -->
        <test-method is-config="true" signature="teardown()[pri:0, instance:scripts.SwagLabsLoginFormTest@59662a0b]" started-at="2023-05-30T10:00:51 CDT" name="teardown" finished-at="2023-05-30T10:00:51 CDT" duration-ms="93" status="PASS">
          <reporter-output>
          </reporter-output>
        </test-method> <!-- teardown -->
        <test-method is-config="true" signature="setUp()[pri:0, instance:scripts.SwagLabsLoginFormTest@59662a0b]" started-at="2023-05-30T10:00:51 CDT" name="setUp" finished-at="2023-05-30T10:00:57 CDT" duration-ms="5987" status="PASS">
          <reporter-output>
          </reporter-output>
        </test-method> <!-- setUp -->
        <test-method is-config="true" signature="setPage()[pri:0, instance:scripts.SwagLabsLoginFormTest@59662a0b]" started-at="2023-05-30T10:00:57 CDT" name="setPage" finished-at="2023-05-30T10:00:57 CDT" duration-ms="0" status="PASS">
          <reporter-output>
          </reporter-output>
        </test-method> <!-- setPage -->
        <test-method signature="validateLoginFormCard(java.lang.String, java.lang.String, java.lang.String)[pri:3, instance:scripts.SwagLabsLoginFormTest@59662a0b]" started-at="2023-05-30T10:00:57 CDT" name="validateLoginFormCard" description="Validate Swag Labs Login Form card with invalid credentials" data-provider="invalidCredentials" finished-at="2023-05-30T10:01:00 CDT" duration-ms="3544" status="PASS">
          <params>
            <param index="0">
              <value>
                <![CDATA[locked_out_user]]>
              </value>
            </param>
            <param index="1">
              <value>
                <![CDATA[secret_sauce]]>
              </value>
            </param>
            <param index="2">
              <value>
                <![CDATA[Epic sadface: Sorry, this user has been locked out.]]>
              </value>
            </param>
          </params>
          <reporter-output>
          </reporter-output>
        </test-method> <!-- validateLoginFormCard -->
        <test-method is-config="true" signature="teardown()[pri:0, instance:scripts.SwagLabsLoginFormTest@59662a0b]" started-at="2023-05-30T10:01:00 CDT" name="teardown" finished-at="2023-05-30T10:01:00 CDT" duration-ms="91" status="PASS">
          <reporter-output>
          </reporter-output>
        </test-method> <!-- teardown -->
        <test-method is-config="true" signature="setUp()[pri:0, instance:scripts.SwagLabsLoginFormTest@59662a0b]" started-at="2023-05-30T10:01:00 CDT" name="setUp" finished-at="2023-05-30T10:01:06 CDT" duration-ms="5854" status="PASS">
          <reporter-output>
          </reporter-output>
        </test-method> <!-- setUp -->
        <test-method signature="validateLoginFormCard(java.lang.String, java.lang.String, java.lang.String)[pri:3, instance:scripts.SwagLabsLoginFormTest@59662a0b]" started-at="2023-05-30T10:01:06 CDT" name="validateLoginFormCard" description="Validate Swag Labs Login Form card with invalid credentials" data-provider="invalidCredentials" finished-at="2023-05-30T10:01:08 CDT" duration-ms="1355" status="PASS">
          <params>
            <param index="0">
              <value>
                <![CDATA[]]>
              </value>
            </param>
            <param index="1">
              <value>
                <![CDATA[]]>
              </value>
            </param>
            <param index="2">
              <value>
                <![CDATA[Epic sadface: Username is required]]>
              </value>
            </param>
          </params>
          <reporter-output>
          </reporter-output>
        </test-method> <!-- validateLoginFormCard -->
        <test-method is-config="true" signature="setPage()[pri:0, instance:scripts.SwagLabsLoginFormTest@59662a0b]" started-at="2023-05-30T10:01:06 CDT" name="setPage" finished-at="2023-05-30T10:01:06 CDT" duration-ms="0" status="PASS">
          <reporter-output>
          </reporter-output>
        </test-method> <!-- setPage -->
        <test-method is-config="true" signature="teardown()[pri:0, instance:scripts.SwagLabsLoginFormTest@59662a0b]" started-at="2023-05-30T10:01:08 CDT" name="teardown" finished-at="2023-05-30T10:01:08 CDT" duration-ms="89" status="PASS">
          <reporter-output>
          </reporter-output>
        </test-method> <!-- teardown -->
        <test-method is-config="true" signature="setUp()[pri:0, instance:scripts.SwagLabsLoginFormTest@59662a0b]" started-at="2023-05-30T10:01:08 CDT" name="setUp" finished-at="2023-05-30T10:01:14 CDT" duration-ms="6501" status="PASS">
          <reporter-output>
          </reporter-output>
        </test-method> <!-- setUp -->
        <test-method is-config="true" signature="setPage()[pri:0, instance:scripts.SwagLabsLoginFormTest@59662a0b]" started-at="2023-05-30T10:01:14 CDT" name="setPage" finished-at="2023-05-30T10:01:14 CDT" duration-ms="1" status="PASS">
          <reporter-output>
          </reporter-output>
        </test-method> <!-- setPage -->
        <test-method signature="validateLoginFormCard(java.lang.String, java.lang.String, java.lang.String)[pri:3, instance:scripts.SwagLabsLoginFormTest@59662a0b]" started-at="2023-05-30T10:01:14 CDT" name="validateLoginFormCard" description="Validate Swag Labs Login Form card with invalid credentials" data-provider="invalidCredentials" finished-at="2023-05-30T10:01:16 CDT" duration-ms="1844" status="PASS">
          <params>
            <param index="0">
              <value>
                <![CDATA[standard_user]]>
              </value>
            </param>
            <param index="1">
              <value>
                <![CDATA[ ]]>
              </value>
            </param>
            <param index="2">
              <value>
                <![CDATA[Epic sadface: Username and password do not match any user in this service]]>
              </value>
            </param>
          </params>
          <reporter-output>
          </reporter-output>
        </test-method> <!-- validateLoginFormCard -->
        <test-method is-config="true" signature="teardown()[pri:0, instance:scripts.SwagLabsLoginFormTest@59662a0b]" started-at="2023-05-30T10:01:16 CDT" name="teardown" finished-at="2023-05-30T10:01:16 CDT" duration-ms="92" status="PASS">
          <reporter-output>
          </reporter-output>
        </test-method> <!-- teardown -->
        <test-method is-config="true" signature="setUp()[pri:0, instance:scripts.SwagLabsLoginFormTest@59662a0b]" started-at="2023-05-30T10:01:16 CDT" name="setUp" finished-at="2023-05-30T10:01:22 CDT" duration-ms="5783" status="PASS">
          <reporter-output>
          </reporter-output>
        </test-method> <!-- setUp -->
        <test-method signature="validateLoginFormCard(java.lang.String, java.lang.String, java.lang.String)[pri:3, instance:scripts.SwagLabsLoginFormTest@59662a0b]" started-at="2023-05-30T10:01:22 CDT" name="validateLoginFormCard" description="Validate Swag Labs Login Form card with invalid credentials" data-provider="invalidCredentials" finished-at="2023-05-30T10:01:24 CDT" duration-ms="1845" status="PASS">
          <params>
            <param index="0">
              <value>
                <![CDATA[ ]]>
              </value>
            </param>
            <param index="1">
              <value>
                <![CDATA[secret_sauce]]>
              </value>
            </param>
            <param index="2">
              <value>
                <![CDATA[Epic sadface: Username and password do not match any user in this service]]>
              </value>
            </param>
          </params>
          <reporter-output>
          </reporter-output>
        </test-method> <!-- validateLoginFormCard -->
        <test-method is-config="true" signature="setPage()[pri:0, instance:scripts.SwagLabsLoginFormTest@59662a0b]" started-at="2023-05-30T10:01:22 CDT" name="setPage" finished-at="2023-05-30T10:01:22 CDT" duration-ms="0" status="PASS">
          <reporter-output>
          </reporter-output>
        </test-method> <!-- setPage -->
        <test-method is-config="true" signature="teardown()[pri:0, instance:scripts.SwagLabsLoginFormTest@59662a0b]" started-at="2023-05-30T10:01:24 CDT" name="teardown" finished-at="2023-05-30T10:01:24 CDT" duration-ms="87" status="PASS">
          <reporter-output>
          </reporter-output>
        </test-method> <!-- teardown -->
        <test-method is-config="true" signature="setUp()[pri:0, instance:scripts.SwagLabsLoginFormTest@59662a0b]" started-at="2023-05-30T10:01:24 CDT" name="setUp" finished-at="2023-05-30T10:01:30 CDT" duration-ms="5898" status="PASS">
          <reporter-output>
          </reporter-output>
        </test-method> <!-- setUp -->
        <test-method is-config="true" signature="setPage()[pri:0, instance:scripts.SwagLabsLoginFormTest@59662a0b]" started-at="2023-05-30T10:01:30 CDT" name="setPage" finished-at="2023-05-30T10:01:30 CDT" duration-ms="0" status="PASS">
          <reporter-output>
          </reporter-output>
        </test-method> <!-- setPage -->
        <test-method signature="validateLoginFormCard(java.lang.String, java.lang.String, java.lang.String)[pri:3, instance:scripts.SwagLabsLoginFormTest@59662a0b]" started-at="2023-05-30T10:01:30 CDT" name="validateLoginFormCard" description="Validate Swag Labs Login Form card with invalid credentials" data-provider="invalidCredentials" finished-at="2023-05-30T10:01:32 CDT" duration-ms="1898" status="PASS">
          <params>
            <param index="0">
              <value>
                <![CDATA[1234abc]]>
              </value>
            </param>
            <param index="1">
              <value>
                <![CDATA[helloWorld]]>
              </value>
            </param>
            <param index="2">
              <value>
                <![CDATA[Epic sadface: Username and password do not match any user in this service]]>
              </value>
            </param>
          </params>
          <reporter-output>
          </reporter-output>
        </test-method> <!-- validateLoginFormCard -->
        <test-method is-config="true" signature="teardown()[pri:0, instance:scripts.SwagLabsLoginFormTest@59662a0b]" started-at="2023-05-30T10:01:32 CDT" name="teardown" finished-at="2023-05-30T10:01:32 CDT" duration-ms="88" status="PASS">
          <reporter-output>
          </reporter-output>
        </test-method> <!-- teardown -->
      </class> <!-- scripts.SwagLabsLoginFormTest -->
    </test> <!-- All Functionalities -->
  </suite> <!-- Smoke -->
</testng-results>
